\BOOKMARK [0][-]{chapter.1}{Executive Summary}{}% 1
\BOOKMARK [0][-]{chapter.2}{Overview}{}% 2
\BOOKMARK [1][-]{section.2.1}{Background and Recent Research}{chapter.2}% 3
\BOOKMARK [2][-]{subsection.2.1.1}{<any sub section here>}{section.2.1}% 4
\BOOKMARK [2][-]{subsection.2.1.2}{Literature Survey}{section.2.1}% 5
\BOOKMARK [1][-]{section.2.2}{Motivation}{chapter.2}% 6
\BOOKMARK [0][-]{chapter.3}{Work Done}{}% 7
\BOOKMARK [1][-]{section.3.1}{<Section title>}{chapter.3}% 8
\BOOKMARK [2][-]{subsection.3.1.1}{<Sub-section title>}{section.3.1}% 9
\BOOKMARK [2][-]{subsection.3.1.2}{<Sub-section title>}{section.3.1}% 10
\BOOKMARK [2][-]{subsection.3.1.3}{<Sub-section title>}{section.3.1}% 11
\BOOKMARK [2][-]{subsection.3.1.4}{<Sub-section title>}{section.3.1}% 12
\BOOKMARK [2][-]{subsection.3.1.5}{<Sub-section title>}{section.3.1}% 13
\BOOKMARK [1][-]{section.3.2}{<Section title>}{chapter.3}% 14
\BOOKMARK [0][-]{chapter.4}{Test of Vanna-Volga Pricing}{}% 15
\BOOKMARK [1][-]{section.4.1}{Data Source}{chapter.4}% 16
\BOOKMARK [2][-]{subsection.4.1.1}{Volatility Matrix}{section.4.1}% 17
\BOOKMARK [2][-]{subsection.4.1.2}{Model Implementation}{section.4.1}% 18
\BOOKMARK [1][-]{section.4.2}{Testing Results}{chapter.4}% 19
\BOOKMARK [0][-]{chapter.5}{Model Strengths and Weaknesses}{}% 20
\BOOKMARK [1][-]{section.5.1}{Strengths}{chapter.5}% 21
\BOOKMARK [1][-]{section.5.2}{Weaknesses}{chapter.5}% 22
\BOOKMARK [0][-]{chapter.6}{Conclusion}{}% 23
\BOOKMARK [0][-]{section*.14}{Acknowledgements}{}% 24
\BOOKMARK [0][-]{section*.16}{References}{}% 25
