This is pdfTeX, Version 3.14159265-2.6-1.40.17 (TeX Live 2016) (preloaded format=pdflatex 2016.5.22)  12 MAY 2017 17:58
entering extended mode
 restricted \write18 enabled.
 %&-line parsing enabled.
**report.tex
(./report.tex
LaTeX2e <2016/03/31>
Babel <3.9r> and hyphenation patterns for 83 language(s) loaded.
(/usr/local/texlive/2016/texmf-dist/tex/latex/base/report.cls
Document Class: report 2014/09/29 v1.4h Standard LaTeX document class
(/usr/local/texlive/2016/texmf-dist/tex/latex/base/size12.clo
File: size12.clo 2014/09/29 v1.4h Standard LaTeX file (size option)
)
\c@part=\count79
\c@chapter=\count80
\c@section=\count81
\c@subsection=\count82
\c@subsubsection=\count83
\c@paragraph=\count84
\c@subparagraph=\count85
\c@figure=\count86
\c@table=\count87
\abovecaptionskip=\skip41
\belowcaptionskip=\skip42
\bibindent=\dimen102
)
(/usr/local/texlive/2016/texmf-dist/tex/latex/amsmath/amsmath.sty
Package: amsmath 2016/03/10 v2.15b AMS math features
\@mathmargin=\skip43

For additional information on amsmath, use the `?' option.
(/usr/local/texlive/2016/texmf-dist/tex/latex/amsmath/amstext.sty
Package: amstext 2000/06/29 v2.01 AMS text

(/usr/local/texlive/2016/texmf-dist/tex/latex/amsmath/amsgen.sty
File: amsgen.sty 1999/11/30 v2.0 generic functions
\@emptytoks=\toks14
\ex@=\dimen103
))
(/usr/local/texlive/2016/texmf-dist/tex/latex/amsmath/amsbsy.sty
Package: amsbsy 1999/11/29 v1.2d Bold Symbols
\pmbraise@=\dimen104
)
(/usr/local/texlive/2016/texmf-dist/tex/latex/amsmath/amsopn.sty
Package: amsopn 2016/03/08 v2.02 operator names
)
\inf@bad=\count88
LaTeX Info: Redefining \frac on input line 199.
\uproot@=\count89
\leftroot@=\count90
LaTeX Info: Redefining \overline on input line 297.
\classnum@=\count91
\DOTSCASE@=\count92
LaTeX Info: Redefining \ldots on input line 394.
LaTeX Info: Redefining \dots on input line 397.
LaTeX Info: Redefining \cdots on input line 518.
\Mathstrutbox@=\box26
\strutbox@=\box27
\big@size=\dimen105
LaTeX Font Info:    Redeclaring font encoding OML on input line 634.
LaTeX Font Info:    Redeclaring font encoding OMS on input line 635.
\macc@depth=\count93
\c@MaxMatrixCols=\count94
\dotsspace@=\muskip10
\c@parentequation=\count95
\dspbrk@lvl=\count96
\tag@help=\toks15
\row@=\count97
\column@=\count98
\maxfields@=\count99
\andhelp@=\toks16
\eqnshift@=\dimen106
\alignsep@=\dimen107
\tagshift@=\dimen108
\tagwidth@=\dimen109
\totwidth@=\dimen110
\lineht@=\dimen111
\@envbody=\toks17
\multlinegap=\skip44
\multlinetaggap=\skip45
\mathdisplay@stack=\toks18
LaTeX Info: Redefining \[ on input line 2739.
LaTeX Info: Redefining \] on input line 2740.
)
(/usr/local/texlive/2016/texmf-dist/tex/latex/graphics/graphicx.sty
Package: graphicx 2014/10/28 v1.0g Enhanced LaTeX Graphics (DPC,SPQR)

(/usr/local/texlive/2016/texmf-dist/tex/latex/graphics/keyval.sty
Package: keyval 2014/10/28 v1.15 key=value parser (DPC)
\KV@toks@=\toks19
)
(/usr/local/texlive/2016/texmf-dist/tex/latex/graphics/graphics.sty
Package: graphics 2016/05/09 v1.0r Standard LaTeX Graphics (DPC,SPQR)

(/usr/local/texlive/2016/texmf-dist/tex/latex/graphics/trig.sty
Package: trig 2016/01/03 v1.10 sin cos tan (DPC)
)
(/usr/local/texlive/2016/texmf-dist/tex/latex/graphics-cfg/graphics.cfg
File: graphics.cfg 2016/01/02 v1.10 sample graphics configuration
)
Package graphics Info: Driver file: pdftex.def on input line 96.

(/usr/local/texlive/2016/texmf-dist/tex/latex/pdftex-def/pdftex.def
File: pdftex.def 2011/05/27 v0.06d Graphics/color for pdfTeX

(/usr/local/texlive/2016/texmf-dist/tex/generic/oberdiek/infwarerr.sty
Package: infwarerr 2016/05/16 v1.4 Providing info/warning/error messages (HO)
)
(/usr/local/texlive/2016/texmf-dist/tex/generic/oberdiek/ltxcmds.sty
Package: ltxcmds 2016/05/16 v1.23 LaTeX kernel commands for general use (HO)
)
\Gread@gobject=\count100
))
\Gin@req@height=\dimen112
\Gin@req@width=\dimen113
)
(/usr/local/texlive/2016/texmf-dist/tex/latex/url/url.sty
\Urlmuskip=\muskip11
Package: url 2013/09/16  ver 3.4  Verb mode for urls, etc.
)
(/usr/local/texlive/2016/texmf-dist/tex/latex/hyperref/hyperref.sty
Package: hyperref 2016/05/05 v6.83n Hypertext links for LaTeX

(/usr/local/texlive/2016/texmf-dist/tex/generic/oberdiek/hobsub-hyperref.sty
Package: hobsub-hyperref 2016/05/16 v1.14 Bundle oberdiek, subset hyperref (HO)


(/usr/local/texlive/2016/texmf-dist/tex/generic/oberdiek/hobsub-generic.sty
Package: hobsub-generic 2016/05/16 v1.14 Bundle oberdiek, subset generic (HO)
Package: hobsub 2016/05/16 v1.14 Construct package bundles (HO)
Package hobsub Info: Skipping package `infwarerr' (already loaded).
Package hobsub Info: Skipping package `ltxcmds' (already loaded).
Package: ifluatex 2016/05/16 v1.4 Provides the ifluatex switch (HO)
Package ifluatex Info: LuaTeX not detected.
Package: ifvtex 2016/05/16 v1.6 Detect VTeX and its facilities (HO)
Package ifvtex Info: VTeX not detected.
Package: intcalc 2016/05/16 v1.2 Expandable calculations with integers (HO)
Package: ifpdf 2016/05/14 v3.1 Provides the ifpdf switch
Package: etexcmds 2016/05/16 v1.6 Avoid name clashes with e-TeX commands (HO)
Package etexcmds Info: Could not find \expanded.
(etexcmds)             That can mean that you are not using pdfTeX 1.50 or
(etexcmds)             that some package has redefined \expanded.
(etexcmds)             In the latter case, load this package earlier.
Package: kvsetkeys 2016/05/16 v1.17 Key value parser (HO)
Package: kvdefinekeys 2016/05/16 v1.4 Define keys (HO)
Package: pdftexcmds 2016/05/10 v0.21 Utility functions of pdfTeX for LuaTeX (HO
)
Package pdftexcmds Info: LuaTeX not detected.
Package pdftexcmds Info: \pdf@primitive is available.
Package pdftexcmds Info: \pdf@ifprimitive is available.
Package pdftexcmds Info: \pdfdraftmode found.
Package: pdfescape 2016/05/16 v1.14 Implements pdfTeX's escape features (HO)
Package: bigintcalc 2016/05/16 v1.4 Expandable calculations on big integers (HO
)
Package: bitset 2016/05/16 v1.2 Handle bit-vector datatype (HO)
Package: uniquecounter 2016/05/16 v1.3 Provide unlimited unique counter (HO)
)
Package hobsub Info: Skipping package `hobsub' (already loaded).
Package: letltxmacro 2016/05/16 v1.5 Let assignment for LaTeX macros (HO)
Package: hopatch 2016/05/16 v1.3 Wrapper for package hooks (HO)
Package: xcolor-patch 2016/05/16 xcolor patch
Package: atveryend 2016/05/16 v1.9 Hooks at the very end of document (HO)
Package atveryend Info: \enddocument detected (standard20110627).
Package: atbegshi 2016/05/16 v1.17 At begin shipout hook (HO)
Package: refcount 2016/05/16 v3.5 Data extraction from label references (HO)
Package: hycolor 2016/05/16 v1.8 Color options for hyperref/bookmark (HO)
)
(/usr/local/texlive/2016/texmf-dist/tex/generic/ifxetex/ifxetex.sty
Package: ifxetex 2010/09/12 v0.6 Provides ifxetex conditional
)
(/usr/local/texlive/2016/texmf-dist/tex/latex/oberdiek/auxhook.sty
Package: auxhook 2016/05/16 v1.4 Hooks for auxiliary files (HO)
)
(/usr/local/texlive/2016/texmf-dist/tex/latex/oberdiek/kvoptions.sty
Package: kvoptions 2016/05/16 v3.12 Key value format for package options (HO)
)
\@linkdim=\dimen114
\Hy@linkcounter=\count101
\Hy@pagecounter=\count102

(/usr/local/texlive/2016/texmf-dist/tex/latex/hyperref/pd1enc.def
File: pd1enc.def 2016/05/05 v6.83n Hyperref: PDFDocEncoding definition (HO)
)
\Hy@SavedSpaceFactor=\count103

(/usr/local/texlive/2016/texmf-dist/tex/latex/latexconfig/hyperref.cfg
File: hyperref.cfg 2002/06/06 v1.2 hyperref configuration of TeXLive
)
Package hyperref Info: Option `bookmarks' set `true' on input line 4322.
Package hyperref Info: Option `colorlinks' set `false' on input line 4322.
Package hyperref Info: Hyper figures OFF on input line 4446.
Package hyperref Info: Link nesting OFF on input line 4451.
Package hyperref Info: Hyper index ON on input line 4454.
Package hyperref Info: Plain pages OFF on input line 4461.
Package hyperref Info: Backreferencing OFF on input line 4466.
Package hyperref Info: Implicit mode ON; LaTeX internals redefined.
Package hyperref Info: Bookmarks ON on input line 4691.
\c@Hy@tempcnt=\count104
LaTeX Info: Redefining \url on input line 5044.
\XeTeXLinkMargin=\dimen115
\Fld@menulength=\count105
\Field@Width=\dimen116
\Fld@charsize=\dimen117
Package hyperref Info: Hyper figures OFF on input line 6298.
Package hyperref Info: Link nesting OFF on input line 6303.
Package hyperref Info: Hyper index ON on input line 6306.
Package hyperref Info: backreferencing OFF on input line 6313.
Package hyperref Info: Link coloring OFF on input line 6318.
Package hyperref Info: Link coloring with OCG OFF on input line 6323.
Package hyperref Info: PDF/A mode OFF on input line 6328.
LaTeX Info: Redefining \ref on input line 6368.
LaTeX Info: Redefining \pageref on input line 6372.
\Hy@abspage=\count106
\c@Item=\count107
\c@Hfootnote=\count108
)

Package hyperref Message: Driver (autodetected): hpdftex.

(/usr/local/texlive/2016/texmf-dist/tex/latex/hyperref/hpdftex.def
File: hpdftex.def 2016/05/05 v6.83n Hyperref driver for pdfTeX
\Fld@listcount=\count109
\c@bookmark@seq@number=\count110

(/usr/local/texlive/2016/texmf-dist/tex/latex/oberdiek/rerunfilecheck.sty
Package: rerunfilecheck 2016/05/16 v1.8 Rerun checks for auxiliary files (HO)
Package uniquecounter Info: New unique counter `rerunfilecheck' on input line 2
82.
)
\Hy@SectionHShift=\skip46
)
\c@prop=\count111

(./report.aux)
\openout1 = `report.aux'.

LaTeX Font Info:    Checking defaults for OML/cmm/m/it on input line 19.
LaTeX Font Info:    ... okay on input line 19.
LaTeX Font Info:    Checking defaults for T1/cmr/m/n on input line 19.
LaTeX Font Info:    ... okay on input line 19.
LaTeX Font Info:    Checking defaults for OT1/cmr/m/n on input line 19.
LaTeX Font Info:    ... okay on input line 19.
LaTeX Font Info:    Checking defaults for OMS/cmsy/m/n on input line 19.
LaTeX Font Info:    ... okay on input line 19.
LaTeX Font Info:    Checking defaults for OMX/cmex/m/n on input line 19.
LaTeX Font Info:    ... okay on input line 19.
LaTeX Font Info:    Checking defaults for U/cmr/m/n on input line 19.
LaTeX Font Info:    ... okay on input line 19.
LaTeX Font Info:    Checking defaults for PD1/pdf/m/n on input line 19.
LaTeX Font Info:    ... okay on input line 19.

(/usr/local/texlive/2016/texmf-dist/tex/context/base/mkii/supp-pdf.mkii
[Loading MPS to PDF converter (version 2006.09.02).]
\scratchcounter=\count112
\scratchdimen=\dimen118
\scratchbox=\box28
\nofMPsegments=\count113
\nofMParguments=\count114
\everyMPshowfont=\toks20
\MPscratchCnt=\count115
\MPscratchDim=\dimen119
\MPnumerator=\count116
\makeMPintoPDFobject=\count117
\everyMPtoPDFconversion=\toks21
) (/usr/local/texlive/2016/texmf-dist/tex/latex/oberdiek/epstopdf-base.sty
Package: epstopdf-base 2016/05/15 v2.6 Base part for package epstopdf

(/usr/local/texlive/2016/texmf-dist/tex/latex/oberdiek/grfext.sty
Package: grfext 2016/05/16 v1.2 Manage graphics extensions (HO)
)
Package grfext Info: Graphics extension search list:
(grfext)             [.png,.pdf,.jpg,.mps,.jpeg,.jbig2,.jb2,.PNG,.PDF,.JPG,.JPE
G,.JBIG2,.JB2,.eps]
(grfext)             \AppendGraphicsExtensions on input line 456.

(/usr/local/texlive/2016/texmf-dist/tex/latex/latexconfig/epstopdf-sys.cfg
File: epstopdf-sys.cfg 2010/07/13 v1.3 Configuration of (r)epstopdf for TeX Liv
e
))
\AtBeginShipoutBox=\box29
Package hyperref Info: Link coloring OFF on input line 19.

(/usr/local/texlive/2016/texmf-dist/tex/latex/hyperref/nameref.sty
Package: nameref 2012/10/27 v2.43 Cross-referencing by name of section

(/usr/local/texlive/2016/texmf-dist/tex/generic/oberdiek/gettitlestring.sty
Package: gettitlestring 2016/05/16 v1.5 Cleanup title references (HO)
)
\c@section@level=\count118
)
LaTeX Info: Redefining \ref on input line 19.
LaTeX Info: Redefining \pageref on input line 19.
LaTeX Info: Redefining \nameref on input line 19.

(./report.out) (./report.out)
\@outlinefile=\write3
\openout3 = `report.out'.

 (./title.tex
<./MFE-Logo.jpg, id=136, 687.56876pt x 169.63374pt>
File: ./MFE-Logo.jpg Graphic file (type jpg)
 <use ./MFE-Logo.jpg>
Package pdftex.def Info: ./MFE-Logo.jpg used on input line 4.
(pdftex.def)             Requested size: 195.0pt x 48.10797pt.

Underfull \hbox (badness 10000) in paragraph at lines 4--5

 []

[1

{/usr/local/texlive/2016/texmf-var/fonts/map/pdftex/updmap/pdftex.map} <./MFE-L
ogo.jpg>]) (./report.toc [1

])
\tf@toc=\write4
\openout4 = `report.toc'.

 [2] (./report.lof)
\tf@lof=\write5
\openout5 = `report.lof'.

 [3

] (./executive-summary.tex
Chapter 1.
) (./overview.tex
Underfull \hbox (badness 10000) in paragraph at lines 2--1

 []


Underfull \hbox (badness 10000) in paragraph at lines 2--1

 []


Underfull \hbox (badness 10000) in paragraph at lines 2--1

 []


Underfull \hbox (badness 10000) in paragraph at lines 2--1

 []


Overfull \hbox (12.73474pt too wide) in paragraph at lines 2--1
\OT1/cmr/m/n/12 model, both Black-Shcoles model and Vanna-Volga model for pric-
ing EUR/USD
 []


Underfull \hbox (badness 10000) in paragraph at lines 2--1

 []

pdfTeX warning (ext4): destination with the same identifier (name{page.1}) has 
been already used, duplicate ignored
<to be read again> 
                   \relax 
l.1 \chapter
            {Overview} [1

] [2]
Chapter 2.
) (./ts.tex
Underfull \hbox (badness 10000) in paragraph at lines 2--1

 []


Underfull \hbox (badness 10000) in paragraph at lines 2--1

 []

[3

]
Chapter 3.

Underfull \hbox (badness 10000) in paragraph at lines 18--22

 []

[4

]
Underfull \hbox (badness 10000) in paragraph at lines 35--39

 []


Underfull \hbox (badness 10000) in paragraph at lines 52--56

 []

[5]
LaTeX Font Info:    Try loading font information for OMS+cmr on input line 72.
 (/usr/local/texlive/2016/texmf-dist/tex/latex/base/omscmr.fd
File: omscmr.fd 2014/09/29 v2.5h Standard LaTeX font definitions
)
LaTeX Font Info:    Font shape `OMS/cmr/m/n' in size <12> not available
(Font)              Font shape `OMS/cmsy/m/n' tried instead on input line 72.

Underfull \hbox (badness 10000) in paragraph at lines 94--98

 []

[6]) (./assumption.tex [7]
Chapter 4.

Overfull \hbox (19.79456pt too wide) in paragraph at lines 5--6
[]\OT1/cmr/m/n/12 The con-sid-ered un-der-ly-ing as-set $\OML/cmm/m/it/12 S[]$ 
\OT1/cmr/m/n/12 is an FX rate quoted in for-eign/domestic
 []

) (./modelcomparison.tex
Underfull \hbox (badness 10000) in paragraph at lines 14--1

 []


Underfull \hbox (badness 10000) in paragraph at lines 14--1

 []

[8

] [9]
Chapter 5.

<./Testing-data/Heston-prices/VolSurface/EURUSD-Vol.png, id=285, 411.939pt x 32
0.397pt>
File: ./Testing-data/Heston-prices/VolSurface/EURUSD-Vol.png Graphic file (type
 png)
 <use ./Testing-data/Heston-prices/VolSurface/EURUSD-Vol.png>
Package pdftex.def Info: ./Testing-data/Heston-prices/VolSurface/EURUSD-Vol.png
 used on input line 6.
(pdftex.def)             Requested size: 329.55162pt x 256.31793pt.

<./Testing-data//Heston-prices/VolSurface/EURUSD-2DVol.png, id=287, 942.52126pt
 x 463.13025pt>
File: ./Testing-data//Heston-prices/VolSurface/EURUSD-2DVol.png Graphic file (t
ype png)

<use ./Testing-data//Heston-prices/VolSurface/EURUSD-2DVol.png>
Package pdftex.def Info: ./Testing-data//Heston-prices/VolSurface/EURUSD-2DVol.
png used on input line 12.
(pdftex.def)             Requested size: 391.13904pt x 192.19547pt.

Overfull \hbox (1.13904pt too wide) in paragraph at lines 12--13
 [][] 
 []


Underfull \hbox (badness 10000) in paragraph at lines 16--21

 []


Underfull \hbox (badness 10000) in paragraph at lines 16--21

 []

[10

 <./Testing-data/Heston-prices/VolSurface/EURUSD-Vol.png>] [11 <./Testing-data/
/Heston-prices/VolSurface/EURUSD-2DVol.png>]
Underfull \hbox (badness 10000) in paragraph at lines 30--31

 []


Underfull \hbox (badness 10000) in paragraph at lines 33--36

 []


Underfull \hbox (badness 10000) in paragraph at lines 42--46

 []

[12]
Underfull \hbox (badness 10000) in paragraph at lines 61--67

 []

) (./test-pricing.tex
Underfull \hbox (badness 10000) in paragraph at lines 69--1

 []


Underfull \hbox (badness 10000) in paragraph at lines 69--1

 []

[13]
Chapter 6.

<./Testing-data/VolMatrix/EURUSD_1M_vol.png, id=312, 1152.7065pt x 523.35526pt>
File: ./Testing-data/VolMatrix/EURUSD_1M_vol.png Graphic file (type png)
<use ./Testing-data/VolMatrix/EURUSD_1M_vol.png>
Package pdftex.def Info: ./Testing-data/VolMatrix/EURUSD_1M_vol.png used on inp
ut line 10.
(pdftex.def)             Requested size: 345.81462pt x 157.00778pt.

Underfull \hbox (badness 10000) in paragraph at lines 14--19

 []

[14

 <./Testing-data/VolMatrix/EURUSD_1M_vol.png>]
Underfull \hbox (badness 10000) in paragraph at lines 34--49

 []

[15]
<./Testing-data/Python-codes/Python-4prices-1M.png, id=326, 768.8725pt x 326.21
875pt>
File: ./Testing-data/Python-codes/Python-4prices-1M.png Graphic file (type png)

 <use ./Testing-data/Python-codes/Python-4prices-1M.png>
Package pdftex.def Info: ./Testing-data/Python-codes/Python-4prices-1M.png used
 on input line 92.
(pdftex.def)             Requested size: 307.54355pt x 130.48518pt.
 [16 <./Testing-data/Python-codes/Python-4prices-1M.png>]
<./Testing-data/Python-codes/Python-4prices-1Y.png, id=333, 745.78625pt x 325.2
15pt>
File: ./Testing-data/Python-codes/Python-4prices-1Y.png Graphic file (type png)

 <use ./Testing-data/Python-codes/Python-4prices-1Y.png>
Package pdftex.def Info: ./Testing-data/Python-codes/Python-4prices-1Y.png used
 on input line 125.
(pdftex.def)             Requested size: 298.30922pt x 130.0837pt.
 [17 <./Testing-data/Python-codes/Python-4prices-1Y.png>]) (./strength-weakness
.tex [18]
Chapter 7.

Underfull \hbox (badness 10000) in paragraph at lines 6--10

 []

[19

]) (./appendices.tex [20]
Appendix A.

<./Testing-data/online/interest_rate_tradingeconomics.png, id=352, 639.38875pt 
x 258.9675pt>
File: ./Testing-data/online/interest_rate_tradingeconomics.png Graphic file (ty
pe png)
 <use ./Testing-data/online/interest_rate_tradingeconomics.png>
Package pdftex.def Info: ./Testing-data/online/interest_rate_tradingeconomics.p
ng used on input line 7.
(pdftex.def)             Requested size: 234.00238pt x 94.7772pt.

<./Testing-data/online/EURUSD_1M_investing.png, id=353, 675.52374pt x 498.86375
pt>
File: ./Testing-data/online/EURUSD_1M_investing.png Graphic file (type png)
 <use ./Testing-data/online/EURUSD_1M_investing.png>
Package pdftex.def Info: ./Testing-data/online/EURUSD_1M_investing.png used on 
input line 15.
(pdftex.def)             Requested size: 202.65868pt x 149.66028pt.

<./Testing-data/online/EURUSD_1Y_investing.png, id=354, 673.51625pt x 435.6275p
t>
File: ./Testing-data/online/EURUSD_1Y_investing.png Graphic file (type png)
 <use ./Testing-data/online/EURUSD_1Y_investing.png>
Package pdftex.def Info: ./Testing-data/online/EURUSD_1Y_investing.png used on 
input line 21.
(pdftex.def)             Requested size: 202.05643pt x 130.68925pt.

<./Testing-data/Heston-prices/May10EURUSD1M/eurusd1065HESTON1M.png, id=355, 115
5.1155pt x 628.749pt>
File: ./Testing-data/Heston-prices/May10EURUSD1M/eurusd1065HESTON1M.png Graphic
 file (type png)

<use ./Testing-data/Heston-prices/May10EURUSD1M/eurusd1065HESTON1M.png>
Package pdftex.def Info: ./Testing-data/Heston-prices/May10EURUSD1M/eurusd1065H
ESTON1M.png used on input line 29.
(pdftex.def)             Requested size: 346.53732pt x 188.62614pt.

<./Testing-data/Heston-prices/May12EURUSD1Y/eurusd106HESTON1Y.png, id=356, 1153
.911pt x 619.71526pt>
File: ./Testing-data/Heston-prices/May12EURUSD1Y/eurusd106HESTON1Y.png Graphic 
file (type png)

<use ./Testing-data/Heston-prices/May12EURUSD1Y/eurusd106HESTON1Y.png>
Package pdftex.def Info: ./Testing-data/Heston-prices/May12EURUSD1Y/eurusd106HE
STON1Y.png used on input line 36.
(pdftex.def)             Requested size: 346.17596pt x 185.916pt.

Overfull \hbox (36.15196pt too wide) in paragraph at lines 4--41
\OT1/cmr/m/n/12 The prices of EUR/USD with 1M and 1Y ma-tu-rity ob-tained from 
\OT1/cmr/m/it/12 www.investing.com
 []

[21

 <./Testing-data/online/interest_rate_tradingeconomics.png> <./Testing-data/onl
ine/EURUSD_1M_investing.png>] [22 <./Testing-data/online/EURUSD_1Y_investing.pn
g> <./Testing-data/Heston-prices/May10EURUSD1M/eurusd1065HESTON1M.png>]
[23 <./Testing-data/Heston-prices/May12EURUSD1Y/eurusd106HESTON1Y.png>]
<./Testing-data/Python-codes/python-prices-1M.png, id=383, 616.3025pt x 189.708
76pt>
File: ./Testing-data/Python-codes/python-prices-1M.png Graphic file (type png)
 <use ./Testing-data/Python-codes/python-prices-1M.png>
Package pdftex.def Info: ./Testing-data/Python-codes/python-prices-1M.png used 
on input line 76.
(pdftex.def)             Requested size: 272.99881pt x 84.03368pt.

<./Testing-data/Python-codes/python-prices-1Y.png, id=384, 611.28375pt x 183.68
625pt>
File: ./Testing-data/Python-codes/python-prices-1Y.png Graphic file (type png)
 <use ./Testing-data/Python-codes/python-prices-1Y.png>
Package pdftex.def Info: ./Testing-data/Python-codes/python-prices-1Y.png used 
on input line 82.
(pdftex.def)             Requested size: 272.99881pt x 82.033pt.
) (./ref.tex
Underfull \hbox (badness 10000) in paragraph at lines 70--1

 []

[24 <./Testing-data/Python-codes/python-prices-1M.png> <./Testing-data/Python-c
odes/python-prices-1Y.png>])
Package atveryend Info: Empty hook `BeforeClearDocument' on input line 44.
 [25


]
Package atveryend Info: Empty hook `AfterLastShipout' on input line 44.
 (./report.aux)
Package atveryend Info: Executing hook `AtVeryEndDocument' on input line 44.
Package atveryend Info: Executing hook `AtEndAfterFileList' on input line 44.
Package rerunfilecheck Info: File `report.out' has not changed.
(rerunfilecheck)             Checksum: 7FF40C7A66461B1B64387F300120550B;2038.
Package atveryend Info: Empty hook `AtVeryVeryEnd' on input line 44.
 ) 
Here is how much of TeX's memory you used:
 5972 strings out of 493014
 88894 string characters out of 6133351
 180226 words of memory out of 5000000
 9305 multiletter control sequences out of 15000+600000
 9822 words of font info for 35 fonts, out of 8000000 for 9000
 1141 hyphenation exceptions out of 8191
 29i,16n,28p,965b,386s stack positions out of 5000i,500n,10000p,200000b,80000s
</usr/local/texlive/2016/texmf-dist/fonts/type1/public/amsfonts/cm/cmbx12.pfb
></usr/local/texlive/2016/texmf-dist/fonts/type1/public/amsfonts/cm/cmcsc10.pfb
></usr/local/texlive/2016/texmf-dist/fonts/type1/public/amsfonts/cm/cmex10.pfb>
</usr/local/texlive/2016/texmf-dist/fonts/type1/public/amsfonts/cm/cmmi12.pfb><
/usr/local/texlive/2016/texmf-dist/fonts/type1/public/amsfonts/cm/cmmi6.pfb></u
sr/local/texlive/2016/texmf-dist/fonts/type1/public/amsfonts/cm/cmmi8.pfb></usr
/local/texlive/2016/texmf-dist/fonts/type1/public/amsfonts/cm/cmr12.pfb></usr/l
ocal/texlive/2016/texmf-dist/fonts/type1/public/amsfonts/cm/cmr17.pfb></usr/loc
al/texlive/2016/texmf-dist/fonts/type1/public/amsfonts/cm/cmr6.pfb></usr/local/
texlive/2016/texmf-dist/fonts/type1/public/amsfonts/cm/cmr8.pfb></usr/local/tex
live/2016/texmf-dist/fonts/type1/public/amsfonts/cm/cmsy10.pfb></usr/local/texl
ive/2016/texmf-dist/fonts/type1/public/amsfonts/cm/cmsy6.pfb></usr/local/texliv
e/2016/texmf-dist/fonts/type1/public/amsfonts/cm/cmsy8.pfb></usr/local/texlive/
2016/texmf-dist/fonts/type1/public/amsfonts/cm/cmti12.pfb>
Output written on report.pdf (29 pages, 1517189 bytes).
PDF statistics:
 483 PDF objects out of 1000 (max. 8388607)
 408 compressed objects within 5 object streams
 119 named destinations out of 1000 (max. 500000)
 330 words of extra memory for PDF output out of 10000 (max. 10000000)

