\BOOKMARK [0][-]{chapter.1}{Executive Summary}{}% 1
\BOOKMARK [0][-]{chapter.2}{Overview}{}% 2
\BOOKMARK [0][-]{chapter.3}{Technical Specification}{}% 3
\BOOKMARK [1][-]{section.3.1}{Greeks}{chapter.3}% 4
\BOOKMARK [2][-]{subsection.3.1.1}{Vega}{section.3.1}% 5
\BOOKMARK [2][-]{subsection.3.1.2}{Vanna}{section.3.1}% 6
\BOOKMARK [2][-]{subsection.3.1.3}{Volga}{section.3.1}% 7
\BOOKMARK [1][-]{section.3.2}{Model Framework and Equations}{chapter.3}% 8
\BOOKMARK [2][-]{subsection.3.2.1}{Model Assumption and Justification}{section.3.2}% 9
\BOOKMARK [2][-]{subsection.3.2.2}{The Simplified Vanna-Volga Equation}{section.3.2}% 10
\BOOKMARK [2][-]{subsection.3.2.3}{The Exact Vanna-Volga method}{section.3.2}% 11
\BOOKMARK [2][-]{subsection.3.2.4}{Model Inputs}{section.3.2}% 12
\BOOKMARK [2][-]{subsection.3.2.5}{Model Outputs}{section.3.2}% 13
\BOOKMARK [0][-]{chapter.4}{Test of Vanna-Volga Pricing}{}% 14
\BOOKMARK [1][-]{section.4.1}{Data Source}{chapter.4}% 15
\BOOKMARK [2][-]{subsection.4.1.1}{Volatility Matrix}{section.4.1}% 16
\BOOKMARK [2][-]{subsection.4.1.2}{Model Implementation}{section.4.1}% 17
\BOOKMARK [1][-]{section.4.2}{Testing Results}{chapter.4}% 18
\BOOKMARK [0][-]{chapter.5}{Model Strengths and Weaknesses}{}% 19
\BOOKMARK [1][-]{section.5.1}{Strengths}{chapter.5}% 20
\BOOKMARK [1][-]{section.5.2}{Weaknesses}{chapter.5}% 21
\BOOKMARK [0][-]{appendix.A}{}{}% 22
\BOOKMARK [1][-]{section.A.1}{Data Sources}{appendix.A}% 23
\BOOKMARK [1][-]{section.A.2}{Definitions}{appendix.A}% 24
\BOOKMARK [1][-]{section.A.3}{Python Code of Vanna-Volga Model}{appendix.A}% 25
\BOOKMARK [0][-]{section*.15}{References}{}% 26
